Using pre-set license
Built from '2022.3/staging' branch; Version is '2022.3.15f1 (b58023a2b463) revision 11894819'; Using compiler version '192829333'; Build Type 'Release'
OS: 'Windows 10  (10.0.19045) 64bit Core' Language: 'en' Physical Memory: 32627 MB
BatchMode: 1, IsHumanControllingUs: 0, StartBugReporterOnCrash: 0, Is64bit: 1, IsPro: 1

COMMAND LINE ARGUMENTS:
C:\Program Files\Unity 2022.3.15f1\Editor\Unity.exe
-adb2
-batchMode
-noUpm
-name
AssetImportWorker0
-projectPath
D:/School/Winter 2024/Capstone/Git Repo/Neon-Light-Exorcist/NeonLightExorcist_0.0.1
-logFile
Logs/AssetImportWorker0.log
-srvPort
52140
Successfully changed project path to: D:/School/Winter 2024/Capstone/Git Repo/Neon-Light-Exorcist/NeonLightExorcist_0.0.1
D:/School/Winter 2024/Capstone/Git Repo/Neon-Light-Exorcist/NeonLightExorcist_0.0.1
[UnityMemory] Configuration Parameters - Can be set up in boot.config
    "memorysetup-bucket-allocator-granularity=16"
    "memorysetup-bucket-allocator-bucket-count=8"
    "memorysetup-bucket-allocator-block-size=33554432"
    "memorysetup-bucket-allocator-block-count=8"
    "memorysetup-main-allocator-block-size=16777216"
    "memorysetup-thread-allocator-block-size=16777216"
    "memorysetup-gfx-main-allocator-block-size=16777216"
    "memorysetup-gfx-thread-allocator-block-size=16777216"
    "memorysetup-cache-allocator-block-size=4194304"
    "memorysetup-typetree-allocator-block-size=2097152"
    "memorysetup-profiler-bucket-allocator-granularity=16"
    "memorysetup-profiler-bucket-allocator-bucket-count=8"
    "memorysetup-profiler-bucket-allocator-block-size=33554432"
    "memorysetup-profiler-bucket-allocator-block-count=8"
    "memorysetup-profiler-allocator-block-size=16777216"
    "memorysetup-profiler-editor-allocator-block-size=1048576"
    "memorysetup-temp-allocator-size-main=16777216"
    "memorysetup-job-temp-allocator-block-size=2097152"
    "memorysetup-job-temp-allocator-block-size-background=1048576"
    "memorysetup-job-temp-allocator-reduction-small-platforms=262144"
    "memorysetup-allocator-temp-initial-block-size-main=262144"
    "memorysetup-allocator-temp-initial-block-size-worker=262144"
    "memorysetup-temp-allocator-size-background-worker=32768"
    "memorysetup-temp-allocator-size-job-worker=262144"
    "memorysetup-temp-allocator-size-preload-manager=33554432"
    "memorysetup-temp-allocator-size-nav-mesh-worker=65536"
    "memorysetup-temp-allocator-size-audio-worker=65536"
    "memorysetup-temp-allocator-size-cloud-worker=32768"
    "memorysetup-temp-allocator-size-gi-baking-worker=262144"
    "memorysetup-temp-allocator-size-gfx=262144"
Player connection [6452] Host "[IP] 10.0.0.105 [Port] 0 [Flags] 2 [Guid] 3111280337 [EditorId] 3111280337 [Version] 1048832 [Id] WindowsEditor(7,DESKTOP-KU7SEUA) [Debug] 1 [PackageName] WindowsEditor [ProjectName] Editor" joined multi-casting on [225.0.0.222:54997]...

Player connection [6452] Host "[IP] 10.0.0.105 [Port] 0 [Flags] 2 [Guid] 3111280337 [EditorId] 3111280337 [Version] 1048832 [Id] WindowsEditor(7,DESKTOP-KU7SEUA) [Debug] 1 [PackageName] WindowsEditor [ProjectName] Editor" joined alternative multi-casting on [225.0.0.222:34997]...

[Physics::Module] Initialized MultithreadedJobDispatcher with 11 workers.
Refreshing native plugins compatible for Editor in 1491.62 ms, found 3 plugins.
Preloading 0 native plugins for Editor in 0.00 ms.
Initialize engine version: 2022.3.15f1 (b58023a2b463)
[Subsystems] Discovering subsystems at path C:/Program Files/Unity 2022.3.15f1/Editor/Data/Resources/UnitySubsystems
[Subsystems] Discovering subsystems at path D:/School/Winter 2024/Capstone/Git Repo/Neon-Light-Exorcist/NeonLightExorcist_0.0.1/Assets
GfxDevice: creating device client; threaded=0; jobified=0
Direct3D:
    Version:  Direct3D 11.0 [level 11.1]
    Renderer: AMD Radeon RX 6600 (ID=0x73ff)
    Vendor:   ATI
    VRAM:     8147 MB
    Driver:   31.0.23013.1023
Initialize mono
Mono path[0] = 'C:/Program Files/Unity 2022.3.15f1/Editor/Data/Managed'
Mono path[1] = 'C:/Program Files/Unity 2022.3.15f1/Editor/Data/MonoBleedingEdge/lib/mono/unityjit-win32'
Mono config path = 'C:/Program Files/Unity 2022.3.15f1/Editor/Data/MonoBleedingEdge/etc'
Using monoOptions --debugger-agent=transport=dt_socket,embedding=1,server=y,suspend=n,address=127.0.0.1:56368
Begin MonoManager ReloadAssembly
Registering precompiled unity dll's ...
Register platform support module: C:/Program Files/Unity 2022.3.15f1/Editor/Data/PlaybackEngines/WindowsStandaloneSupport/UnityEditor.WindowsStandalone.Extensions.dll
Registered in 0.100700 seconds.
- Loaded All Assemblies, in  5.533 seconds
Native extension for WindowsStandalone target not found
Mono: successfully reloaded assembly
- Finished resetting the current domain, in  0.308 seconds
Domain Reload Profiling: 5840ms
	BeginReloadAssembly (4168ms)
		ExecutionOrderSort (0ms)
		DisableScriptedObjects (0ms)
		BackupInstance (0ms)
		ReleaseScriptingObjects (0ms)
		CreateAndSetChildDomain (1ms)
	RebuildCommonClasses (375ms)
	RebuildNativeTypeToScriptingClass (12ms)
	initialDomainReloadingComplete (150ms)
	LoadAllAssembliesAndSetupDomain (827ms)
		LoadAssemblies (4166ms)
		RebuildTransferFunctionScriptingTraits (0ms)
		AnalyzeDomain (825ms)
			TypeCache.Refresh (822ms)
				TypeCache.ScanAssembly (586ms)
			ScanForSourceGeneratedMonoScriptInfo (0ms)
			ResolveRequiredComponents (1ms)
	FinalizeReload (308ms)
		ReleaseScriptCaches (0ms)
		RebuildScriptCaches (0ms)
		SetupLoadedEditorAssemblies (246ms)
			LogAssemblyErrors (0ms)
			InitializePlatformSupportModulesInManaged (8ms)
			SetLoadedEditorAssemblies (8ms)
			RefreshPlugins (0ms)
			BeforeProcessingInitializeOnLoad (2ms)
			ProcessInitializeOnLoadAttributes (171ms)
			ProcessInitializeOnLoadMethodAttributes (56ms)
			AfterProcessingInitializeOnLoad (0ms)
			EditorAssembliesLoaded (0ms)
		ExecutionOrderSort2 (0ms)
		AwakeInstancesAfterBackupRestoration (0ms)
========================================================================
Worker process is ready to serve import requests
Begin MonoManager ReloadAssembly
- Loaded All Assemblies, in  3.101 seconds
Refreshing native plugins compatible for Editor in 1.22 ms, found 3 plugins.
Native extension for WindowsStandalone target not found
Package Manager log level set to [2]
[Package Manager] Server::EnsureServerProcessIsRunning -- launch failed, reason: Unity was launched with the -noUpm command-line argument
[Package Manager] UpmClient::Send -- Unable to send message (not connected to UPM process).
[Package Manager] Cannot connect to Unity Package Manager local server
Mono: successfully reloaded assembly
- Finished resetting the current domain, in  0.404 seconds
Domain Reload Profiling: 3504ms
	BeginReloadAssembly (116ms)
		ExecutionOrderSort (0ms)
		DisableScriptedObjects (4ms)
		BackupInstance (0ms)
		ReleaseScriptingObjects (0ms)
		CreateAndSetChildDomain (18ms)
	RebuildCommonClasses (25ms)
	RebuildNativeTypeToScriptingClass (8ms)
	initialDomainReloadingComplete (29ms)
	LoadAllAssembliesAndSetupDomain (2922ms)
		LoadAssemblies (2818ms)
		RebuildTransferFunctionScriptingTraits (0ms)
		AnalyzeDomain (165ms)
			TypeCache.Refresh (151ms)
				TypeCache.ScanAssembly (107ms)
			ScanForSourceGeneratedMonoScriptInfo (10ms)
			ResolveRequiredComponents (3ms)
	FinalizeReload (404ms)
		ReleaseScriptCaches (0ms)
		RebuildScriptCaches (0ms)
		SetupLoadedEditorAssemblies (300ms)
			LogAssemblyErrors (0ms)
			InitializePlatformSupportModulesInManaged (6ms)
			SetLoadedEditorAssemblies (4ms)
			RefreshPlugins (0ms)
			BeforeProcessingInitializeOnLoad (42ms)
			ProcessInitializeOnLoadAttributes (230ms)
			ProcessInitializeOnLoadMethodAttributes (16ms)
			AfterProcessingInitializeOnLoad (4ms)
			EditorAssembliesLoaded (0ms)
		ExecutionOrderSort2 (0ms)
		AwakeInstancesAfterBackupRestoration (4ms)
Launched and connected shader compiler UnityShaderCompiler.exe after 0.05 seconds
Refreshing native plugins compatible for Editor in 1.22 ms, found 3 plugins.
Preloading 0 native plugins for Editor in 0.00 ms.
Unloading 3102 Unused Serialized files (Serialized files now loaded: 0)
Unloading 32 unused Assets / (57.2 KB). Loaded Objects now: 3587.
Memory consumption went from 137.0 MB to 137.0 MB.
Total: 2.093500 ms (FindLiveObjects: 0.156000 ms CreateObjectMapping: 0.063400 ms MarkObjects: 1.786900 ms  DeleteObjects: 0.086400 ms)

AssetImportParameters requested are different than current active one (requested -> active):
  custom:container-demuxer-ogg: 62fdf1f143b41e24485cea50d1cbac27 -> 
  custom:video-decoder-ogg-theora: a1e56fd34408186e4bbccfd4996cb3dc -> 
  custom:framework-win-MediaFoundation: 216162199b28c13a410421893ffa2e32 -> 
  custom:CustomObjectIndexerAttribute: 43b350a4d6e6d1791af0b5038c4bea17 -> 
  custom:container-demuxer-webm: 4f35f7cbe854078d1ac9338744f61a02 -> 
  custom:container-muxer-webm: aa71ff27fc2769a1b78a27578f13a17b -> 
  custom:video-decoder-webm-vp8: 9c59270c3fd7afecdb556c50c9e8de78 -> 
  custom:SearchIndexIgnoredProperties: e643bd26f0fe6173181afceb89e7c659 -> 
  custom:AudioImporter_EditorPlatform: d09bf68614088b80899f8185d706f6e7 -> 
  custom:video-encoder-webm-vp8: eb34c28f22e8b96e1ab97ce403110664 -> 
  custom:audio-decoder-ogg-vorbis: bf7c407c2cedff20999df2af8eb42d56 -> 
  custom:audio-encoder-webm-vorbis: bf7c407c2cedff20999df2af8eb42d56 -> 
========================================================================
Received Prepare
Begin MonoManager ReloadAssembly
- Loaded All Assemblies, in  0.324 seconds
Refreshing native plugins compatible for Editor in 1.32 ms, found 3 plugins.
Native extension for WindowsStandalone target not found
[Package Manager] Server::EnsureServerProcessIsRunning -- launch failed, reason: Unity was launched with the -noUpm command-line argument
[Package Manager] UpmClient::Send -- Unable to send message (not connected to UPM process).
[Package Manager] Cannot connect to Unity Package Manager local server
Mono: successfully reloaded assembly
- Finished resetting the current domain, in  0.553 seconds
Domain Reload Profiling: 877ms
	BeginReloadAssembly (122ms)
		ExecutionOrderSort (0ms)
		DisableScriptedObjects (4ms)
		BackupInstance (0ms)
		ReleaseScriptingObjects (0ms)
		CreateAndSetChildDomain (24ms)
	RebuildCommonClasses (29ms)
	RebuildNativeTypeToScriptingClass (8ms)
	initialDomainReloadingComplete (22ms)
	LoadAllAssembliesAndSetupDomain (141ms)
		LoadAssemblies (201ms)
		RebuildTransferFunctionScriptingTraits (0ms)
		AnalyzeDomain (9ms)
			TypeCache.Refresh (4ms)
				TypeCache.ScanAssembly (0ms)
			ScanForSourceGeneratedMonoScriptInfo (0ms)
			ResolveRequiredComponents (3ms)
	FinalizeReload (554ms)
		ReleaseScriptCaches (0ms)
		RebuildScriptCaches (0ms)
		SetupLoadedEditorAssemblies (304ms)
			LogAssemblyErrors (0ms)
			InitializePlatformSupportModulesInManaged (4ms)
			SetLoadedEditorAssemblies (2ms)
			RefreshPlugins (0ms)
			BeforeProcessingInitializeOnLoad (46ms)
			ProcessInitializeOnLoadAttributes (227ms)
			ProcessInitializeOnLoadMethodAttributes (19ms)
			AfterProcessingInitializeOnLoad (6ms)
			EditorAssembliesLoaded (0ms)
		ExecutionOrderSort2 (0ms)
		AwakeInstancesAfterBackupRestoration (6ms)
Refreshing native plugins compatible for Editor in 1.07 ms, found 3 plugins.
Preloading 0 native plugins for Editor in 0.00 ms.
Unloading 3082 Unused Serialized files (Serialized files now loaded: 0)
Unloading 23 unused Assets / (31.1 KB). Loaded Objects now: 3590.
Memory consumption went from 135.0 MB to 134.9 MB.
Total: 2.431600 ms (FindLiveObjects: 0.153400 ms CreateObjectMapping: 0.064400 ms MarkObjects: 2.172100 ms  DeleteObjects: 0.040800 ms)

Prepare: number of updated asset objects reloaded= 0
AssetImportParameters requested are different than current active one (requested -> active):
  custom:container-demuxer-ogg: 62fdf1f143b41e24485cea50d1cbac27 -> 
  custom:video-decoder-ogg-theora: a1e56fd34408186e4bbccfd4996cb3dc -> 
  custom:framework-win-MediaFoundation: 216162199b28c13a410421893ffa2e32 -> 
  custom:CustomObjectIndexerAttribute: 43b350a4d6e6d1791af0b5038c4bea17 -> 
  custom:container-demuxer-webm: 4f35f7cbe854078d1ac9338744f61a02 -> 
  custom:container-muxer-webm: aa71ff27fc2769a1b78a27578f13a17b -> 
  custom:video-decoder-webm-vp8: 9c59270c3fd7afecdb556c50c9e8de78 -> 
  custom:SearchIndexIgnoredProperties: e643bd26f0fe6173181afceb89e7c659 -> 
  custom:AudioImporter_EditorPlatform: d09bf68614088b80899f8185d706f6e7 -> 
  custom:video-encoder-webm-vp8: eb34c28f22e8b96e1ab97ce403110664 -> 
  custom:audio-decoder-ogg-vorbis: bf7c407c2cedff20999df2af8eb42d56 -> 
  custom:audio-encoder-webm-vorbis: bf7c407c2cedff20999df2af8eb42d56 -> 
========================================================================
Received Import Request.
  Time since last request: 633906.047411 seconds.
  path: Assets/Materials/cobble3_2large.png
  artifactKey: Guid(81bb682025473644c999f75d00024cca) Importer(815301076,1909f56bfc062723c751e8b465ee728b)
Start importing Assets/Materials/cobble3_2large.png using Guid(81bb682025473644c999f75d00024cca) Importer(815301076,1909f56bfc062723c751e8b465ee728b)  -> (artifact id: 'ec1518cf7bfd65647a8356185ccb8f4c') in 0.041749 seconds
Number of updated asset objects reloaded before import = 0
Number of asset objects unloaded after import = 2
========================================================================
Received Import Request.
  Time since last request: 420.782192 seconds.
  path: Assets/3D_Assets/Buildings/building1.prefab
  artifactKey: Guid(a5a0dad81f9a3834da756942202f6dce) Importer(815301076,1909f56bfc062723c751e8b465ee728b)
Start importing Assets/3D_Assets/Buildings/building1.prefab using Guid(a5a0dad81f9a3834da756942202f6dce) Importer(815301076,1909f56bfc062723c751e8b465ee728b)  -> (artifact id: '77deaadbb6c84ddaced2c7c57de1d771') in 0.055331 seconds
Number of updated asset objects reloaded before import = 0
Number of asset objects unloaded after import = 22
========================================================================
Received Import Request.
  Time since last request: 8.607007 seconds.
  path: Assets/3D_Assets/Buildings/building1.prefab
  artifactKey: Guid(a5a0dad81f9a3834da756942202f6dce) Importer(815301076,1909f56bfc062723c751e8b465ee728b)
Start importing Assets/3D_Assets/Buildings/building1.prefab using Guid(a5a0dad81f9a3834da756942202f6dce) Importer(815301076,1909f56bfc062723c751e8b465ee728b)  -> (artifact id: '9e7c1c3e23f23d57b3459ede54a8e8cd') in 0.005436 seconds
Number of updated asset objects reloaded before import = 0
Number of asset objects unloaded after import = 22
========================================================================
Received Import Request.
  Time since last request: 3.203905 seconds.
  path: Assets/3D_Assets/Buildings/building1.prefab
  artifactKey: Guid(a5a0dad81f9a3834da756942202f6dce) Importer(815301076,1909f56bfc062723c751e8b465ee728b)
Start importing Assets/3D_Assets/Buildings/building1.prefab using Guid(a5a0dad81f9a3834da756942202f6dce) Importer(815301076,1909f56bfc062723c751e8b465ee728b)  -> (artifact id: 'd607d12a6495c15a1bf702402792739e') in 0.005048 seconds
Number of updated asset objects reloaded before import = 0
Number of asset objects unloaded after import = 22
========================================================================
Received Import Request.
  Time since last request: 6.451695 seconds.
  path: Assets/3D_Assets/Buildings/building1.prefab
  artifactKey: Guid(a5a0dad81f9a3834da756942202f6dce) Importer(815301076,1909f56bfc062723c751e8b465ee728b)
Start importing Assets/3D_Assets/Buildings/building1.prefab using Guid(a5a0dad81f9a3834da756942202f6dce) Importer(815301076,1909f56bfc062723c751e8b465ee728b)  -> (artifact id: '879a953e2b5885905c308c8eeb736df9') in 0.005129 seconds
Number of updated asset objects reloaded before import = 0
Number of asset objects unloaded after import = 22
========================================================================
Received Import Request.
  Time since last request: 2.621637 seconds.
  path: Assets/3D_Assets/Buildings/building1.prefab
  artifactKey: Guid(a5a0dad81f9a3834da756942202f6dce) Importer(815301076,1909f56bfc062723c751e8b465ee728b)
Start importing Assets/3D_Assets/Buildings/building1.prefab using Guid(a5a0dad81f9a3834da756942202f6dce) Importer(815301076,1909f56bfc062723c751e8b465ee728b)  -> (artifact id: 'f075132c8782c07e25b19b599f5375f6') in 0.005454 seconds
Number of updated asset objects reloaded before import = 0
Number of asset objects unloaded after import = 22
========================================================================
Received Import Request.
  Time since last request: 5.622794 seconds.
  path: Assets/3D_Assets/Buildings/building1.prefab
  artifactKey: Guid(a5a0dad81f9a3834da756942202f6dce) Importer(815301076,1909f56bfc062723c751e8b465ee728b)
Start importing Assets/3D_Assets/Buildings/building1.prefab using Guid(a5a0dad81f9a3834da756942202f6dce) Importer(815301076,1909f56bfc062723c751e8b465ee728b)  -> (artifact id: '128a42b5a98ab248766ce9bd5a30d572') in 0.005049 seconds
Number of updated asset objects reloaded before import = 0
Number of asset objects unloaded after import = 22
========================================================================
Received Import Request.
  Time since last request: 4.430586 seconds.
  path: Assets/3D_Assets/Buildings/building1.prefab
  artifactKey: Guid(a5a0dad81f9a3834da756942202f6dce) Importer(815301076,1909f56bfc062723c751e8b465ee728b)
Start importing Assets/3D_Assets/Buildings/building1.prefab using Guid(a5a0dad81f9a3834da756942202f6dce) Importer(815301076,1909f56bfc062723c751e8b465ee728b)  -> (artifact id: '6299689c4468645bb6a5bb52d79f9893') in 0.004887 seconds
Number of updated asset objects reloaded before import = 0
Number of asset objects unloaded after import = 22
========================================================================
Received Import Request.
  Time since last request: 4.216189 seconds.
  path: Assets/3D_Assets/Buildings/building1.prefab
  artifactKey: Guid(a5a0dad81f9a3834da756942202f6dce) Importer(815301076,1909f56bfc062723c751e8b465ee728b)
Start importing Assets/3D_Assets/Buildings/building1.prefab using Guid(a5a0dad81f9a3834da756942202f6dce) Importer(815301076,1909f56bfc062723c751e8b465ee728b)  -> (artifact id: '8aabf10d2984af8af0f85d9cd14d7169') in 0.005213 seconds
Number of updated asset objects reloaded before import = 0
Number of asset objects unloaded after import = 22
========================================================================
Received Import Request.
  Time since last request: 4.221417 seconds.
  path: Assets/3D_Assets/Buildings/building1.prefab
  artifactKey: Guid(a5a0dad81f9a3834da756942202f6dce) Importer(815301076,1909f56bfc062723c751e8b465ee728b)
Start importing Assets/3D_Assets/Buildings/building1.prefab using Guid(a5a0dad81f9a3834da756942202f6dce) Importer(815301076,1909f56bfc062723c751e8b465ee728b)  -> (artifact id: 'cd4666546cedee38770424a642a95943') in 0.005149 seconds
Number of updated asset objects reloaded before import = 0
Number of asset objects unloaded after import = 22
========================================================================
Received Import Request.
  Time since last request: 3.214919 seconds.
  path: Assets/3D_Assets/Buildings/building1.prefab
  artifactKey: Guid(a5a0dad81f9a3834da756942202f6dce) Importer(815301076,1909f56bfc062723c751e8b465ee728b)
Start importing Assets/3D_Assets/Buildings/building1.prefab using Guid(a5a0dad81f9a3834da756942202f6dce) Importer(815301076,1909f56bfc062723c751e8b465ee728b)  -> (artifact id: 'c9315054032a4a33708da5f588a32733') in 0.004678 seconds
Number of updated asset objects reloaded before import = 0
Number of asset objects unloaded after import = 22
========================================================================
Received Import Request.
  Time since last request: 8.861080 seconds.
  path: Assets/3D_Assets/Buildings/building1.prefab
  artifactKey: Guid(a5a0dad81f9a3834da756942202f6dce) Importer(815301076,1909f56bfc062723c751e8b465ee728b)
Start importing Assets/3D_Assets/Buildings/building1.prefab using Guid(a5a0dad81f9a3834da756942202f6dce) Importer(815301076,1909f56bfc062723c751e8b465ee728b)  -> (artifact id: 'd9aa4f173ddfc340c6306e06e86d80d9') in 0.004997 seconds
Number of updated asset objects reloaded before import = 0
Number of asset objects unloaded after import = 22
========================================================================
Received Import Request.
  Time since last request: 4.619148 seconds.
  path: Assets/3D_Assets/Buildings/building1.prefab
  artifactKey: Guid(a5a0dad81f9a3834da756942202f6dce) Importer(815301076,1909f56bfc062723c751e8b465ee728b)
Start importing Assets/3D_Assets/Buildings/building1.prefab using Guid(a5a0dad81f9a3834da756942202f6dce) Importer(815301076,1909f56bfc062723c751e8b465ee728b)  -> (artifact id: '79eb6fc779a59b45027243662b744d70') in 0.004790 seconds
Number of updated asset objects reloaded before import = 0
Number of asset objects unloaded after import = 22
========================================================================
Received Prepare
Begin MonoManager ReloadAssembly
- Loaded All Assemblies, in  0.302 seconds
Refreshing native plugins compatible for Editor in 1.15 ms, found 3 plugins.
Native extension for WindowsStandalone target not found
[Package Manager] Server::EnsureServerProcessIsRunning -- launch failed, reason: Unity was launched with the -noUpm command-line argument
[Package Manager] UpmClient::Send -- Unable to send message (not connected to UPM process).
[Package Manager] Cannot connect to Unity Package Manager local server
Mono: successfully reloaded assembly
- Finished resetting the current domain, in  0.598 seconds
Domain Reload Profiling: 899ms
	BeginReloadAssembly (115ms)
		ExecutionOrderSort (0ms)
		DisableScriptedObjects (3ms)
		BackupInstance (0ms)
		ReleaseScriptingObjects (0ms)
		CreateAndSetChildDomain (24ms)
	RebuildCommonClasses (26ms)
	RebuildNativeTypeToScriptingClass (8ms)
	initialDomainReloadingComplete (20ms)
	LoadAllAssembliesAndSetupDomain (133ms)
		LoadAssemblies (187ms)
		RebuildTransferFunctionScriptingTraits (0ms)
		AnalyzeDomain (9ms)
			TypeCache.Refresh (5ms)
				TypeCache.ScanAssembly (0ms)
			ScanForSourceGeneratedMonoScriptInfo (0ms)
			ResolveRequiredComponents (3ms)
	FinalizeReload (598ms)
		ReleaseScriptCaches (0ms)
		RebuildScriptCaches (0ms)
		SetupLoadedEditorAssemblies (332ms)
			LogAssemblyErrors (0ms)
			InitializePlatformSupportModulesInManaged (5ms)
			SetLoadedEditorAssemblies (3ms)
			RefreshPlugins (0ms)
			BeforeProcessingInitializeOnLoad (48ms)
			ProcessInitializeOnLoadAttributes (251ms)
			ProcessInitializeOnLoadMethodAttributes (19ms)
			AfterProcessingInitializeOnLoad (5ms)
			EditorAssembliesLoaded (0ms)
		ExecutionOrderSort2 (0ms)
		AwakeInstancesAfterBackupRestoration (6ms)
Refreshing native plugins compatible for Editor in 1.18 ms, found 3 plugins.
Preloading 0 native plugins for Editor in 0.00 ms.
Unloading 3081 Unused Serialized files (Serialized files now loaded: 0)
Unloading 23 unused Assets / (31.0 KB). Loaded Objects now: 3602.
Memory consumption went from 141.1 MB to 141.1 MB.
Total: 2.062300 ms (FindLiveObjects: 0.151000 ms CreateObjectMapping: 0.070500 ms MarkObjects: 1.805400 ms  DeleteObjects: 0.034900 ms)

Prepare: number of updated asset objects reloaded= 0
AssetImportParameters requested are different than current active one (requested -> active):
  custom:container-demuxer-ogg: 62fdf1f143b41e24485cea50d1cbac27 -> 
  custom:video-decoder-ogg-theora: a1e56fd34408186e4bbccfd4996cb3dc -> 
  custom:framework-win-MediaFoundation: 216162199b28c13a410421893ffa2e32 -> 
  custom:CustomObjectIndexerAttribute: 43b350a4d6e6d1791af0b5038c4bea17 -> 
  custom:container-demuxer-webm: 4f35f7cbe854078d1ac9338744f61a02 -> 
  custom:container-muxer-webm: aa71ff27fc2769a1b78a27578f13a17b -> 
  custom:video-decoder-webm-vp8: 9c59270c3fd7afecdb556c50c9e8de78 -> 
  custom:SearchIndexIgnoredProperties: e643bd26f0fe6173181afceb89e7c659 -> 
  custom:AudioImporter_EditorPlatform: d09bf68614088b80899f8185d706f6e7 -> 
  custom:video-encoder-webm-vp8: eb34c28f22e8b96e1ab97ce403110664 -> 
  custom:audio-decoder-ogg-vorbis: bf7c407c2cedff20999df2af8eb42d56 -> 
  custom:audio-encoder-webm-vorbis: bf7c407c2cedff20999df2af8eb42d56 -> 
========================================================================
Received Import Request.
  Time since last request: 142.705454 seconds.
  path: Assets/3D_Assets/Buildings/building2.prefab
  artifactKey: Guid(2e9761d130ce0154bbfc2cf9b6aaa8bd) Importer(815301076,1909f56bfc062723c751e8b465ee728b)
Start importing Assets/3D_Assets/Buildings/building2.prefab using Guid(2e9761d130ce0154bbfc2cf9b6aaa8bd) Importer(815301076,1909f56bfc062723c751e8b465ee728b)  -> (artifact id: '4574f025f5074a97292dc7890d0e0f68') in 0.073713 seconds
Number of updated asset objects reloaded before import = 0
Number of asset objects unloaded after import = 22
========================================================================
Received Import Request.
  Time since last request: 10.342449 seconds.
  path: Assets/3D_Assets/Buildings/building2.prefab
  artifactKey: Guid(2e9761d130ce0154bbfc2cf9b6aaa8bd) Importer(815301076,1909f56bfc062723c751e8b465ee728b)
Start importing Assets/3D_Assets/Buildings/building2.prefab using Guid(2e9761d130ce0154bbfc2cf9b6aaa8bd) Importer(815301076,1909f56bfc062723c751e8b465ee728b)  -> (artifact id: '1729593efce60e9762c81d7ab84318f6') in 0.006203 seconds
Number of updated asset objects reloaded before import = 0
Number of asset objects unloaded after import = 22
========================================================================
Received Import Request.
  Time since last request: 5.429742 seconds.
  path: Assets/3D_Assets/Buildings/building2.prefab
  artifactKey: Guid(2e9761d130ce0154bbfc2cf9b6aaa8bd) Importer(815301076,1909f56bfc062723c751e8b465ee728b)
Start importing Assets/3D_Assets/Buildings/building2.prefab using Guid(2e9761d130ce0154bbfc2cf9b6aaa8bd) Importer(815301076,1909f56bfc062723c751e8b465ee728b)  -> (artifact id: '913fd032317ab5bd6beb24f51eae3f52') in 0.006278 seconds
Number of updated asset objects reloaded before import = 0
Number of asset objects unloaded after import = 22
========================================================================
Received Import Request.
  Time since last request: 9.072743 seconds.
  path: Assets/3D_Assets/Buildings/building2.prefab
  artifactKey: Guid(2e9761d130ce0154bbfc2cf9b6aaa8bd) Importer(815301076,1909f56bfc062723c751e8b465ee728b)
Start importing Assets/3D_Assets/Buildings/building2.prefab using Guid(2e9761d130ce0154bbfc2cf9b6aaa8bd) Importer(815301076,1909f56bfc062723c751e8b465ee728b)  -> (artifact id: '76a57a5987f81ff74d27ad5382e27053') in 0.006671 seconds
Number of updated asset objects reloaded before import = 0
Number of asset objects unloaded after import = 22
========================================================================
Received Import Request.
  Time since last request: 3.417671 seconds.
  path: Assets/3D_Assets/Buildings/building2.prefab
  artifactKey: Guid(2e9761d130ce0154bbfc2cf9b6aaa8bd) Importer(815301076,1909f56bfc062723c751e8b465ee728b)
Start importing Assets/3D_Assets/Buildings/building2.prefab using Guid(2e9761d130ce0154bbfc2cf9b6aaa8bd) Importer(815301076,1909f56bfc062723c751e8b465ee728b)  -> (artifact id: '990ad6292d7ab1811f1fcb00e0dce57a') in 0.006512 seconds
Number of updated asset objects reloaded before import = 0
Number of asset objects unloaded after import = 22
========================================================================
Received Import Request.
  Time since last request: 4.420294 seconds.
  path: Assets/3D_Assets/Buildings/building2.prefab
  artifactKey: Guid(2e9761d130ce0154bbfc2cf9b6aaa8bd) Importer(815301076,1909f56bfc062723c751e8b465ee728b)
Start importing Assets/3D_Assets/Buildings/building2.prefab using Guid(2e9761d130ce0154bbfc2cf9b6aaa8bd) Importer(815301076,1909f56bfc062723c751e8b465ee728b)  -> (artifact id: '33bb090c77a5ae7aed1f05b5b3ac55ff') in 0.006094 seconds
Number of updated asset objects reloaded before import = 0
Number of asset objects unloaded after import = 22
========================================================================
Received Import Request.
  Time since last request: 3.622923 seconds.
  path: Assets/3D_Assets/Buildings/building2.prefab
  artifactKey: Guid(2e9761d130ce0154bbfc2cf9b6aaa8bd) Importer(815301076,1909f56bfc062723c751e8b465ee728b)
Start importing Assets/3D_Assets/Buildings/building2.prefab using Guid(2e9761d130ce0154bbfc2cf9b6aaa8bd) Importer(815301076,1909f56bfc062723c751e8b465ee728b)  -> (artifact id: 'd8ab0b74e909f5a2cd3dbba4dc0ae785') in 0.005895 seconds
Number of updated asset objects reloaded before import = 0
Number of asset objects unloaded after import = 22
========================================================================
Received Import Request.
  Time since last request: 5.839736 seconds.
  path: Assets/3D_Assets/Buildings/building2.prefab
  artifactKey: Guid(2e9761d130ce0154bbfc2cf9b6aaa8bd) Importer(815301076,1909f56bfc062723c751e8b465ee728b)
Start importing Assets/3D_Assets/Buildings/building2.prefab using Guid(2e9761d130ce0154bbfc2cf9b6aaa8bd) Importer(815301076,1909f56bfc062723c751e8b465ee728b)  -> (artifact id: 'b75e568c0b21e9b18f9a0964ebe063c1') in 0.006023 seconds
Number of updated asset objects reloaded before import = 0
Number of asset objects unloaded after import = 22
========================================================================
Received Import Request.
  Time since last request: 4.018939 seconds.
  path: Assets/3D_Assets/Buildings/building2.prefab
  artifactKey: Guid(2e9761d130ce0154bbfc2cf9b6aaa8bd) Importer(815301076,1909f56bfc062723c751e8b465ee728b)
Start importing Assets/3D_Assets/Buildings/building2.prefab using Guid(2e9761d130ce0154bbfc2cf9b6aaa8bd) Importer(815301076,1909f56bfc062723c751e8b465ee728b)  -> (artifact id: 'afee16bfe23f9136a6d87870a72354ea') in 0.005967 seconds
Number of updated asset objects reloaded before import = 0
Number of asset objects unloaded after import = 22
========================================================================
Received Import Request.
  Time since last request: 5.631003 seconds.
  path: Assets/3D_Assets/Buildings/building2.prefab
  artifactKey: Guid(2e9761d130ce0154bbfc2cf9b6aaa8bd) Importer(815301076,1909f56bfc062723c751e8b465ee728b)
Start importing Assets/3D_Assets/Buildings/building2.prefab using Guid(2e9761d130ce0154bbfc2cf9b6aaa8bd) Importer(815301076,1909f56bfc062723c751e8b465ee728b)  -> (artifact id: '6c0b1920e2d19e5d05eb66c453b4b3aa') in 0.006190 seconds
Number of updated asset objects reloaded before import = 0
Number of asset objects unloaded after import = 22
========================================================================
Received Import Request.
  Time since last request: 7.861743 seconds.
  path: Assets/3D_Assets/Buildings/building2.prefab
  artifactKey: Guid(2e9761d130ce0154bbfc2cf9b6aaa8bd) Importer(815301076,1909f56bfc062723c751e8b465ee728b)
Start importing Assets/3D_Assets/Buildings/building2.prefab using Guid(2e9761d130ce0154bbfc2cf9b6aaa8bd) Importer(815301076,1909f56bfc062723c751e8b465ee728b)  -> (artifact id: '8c9efc3722a7b4cf7fd81845dbf5a732') in 0.006950 seconds
Number of updated asset objects reloaded before import = 0
Number of asset objects unloaded after import = 22
========================================================================
Received Import Request.
  Time since last request: 6.037478 seconds.
  path: Assets/3D_Assets/Buildings/building2.prefab
  artifactKey: Guid(2e9761d130ce0154bbfc2cf9b6aaa8bd) Importer(815301076,1909f56bfc062723c751e8b465ee728b)
Start importing Assets/3D_Assets/Buildings/building2.prefab using Guid(2e9761d130ce0154bbfc2cf9b6aaa8bd) Importer(815301076,1909f56bfc062723c751e8b465ee728b)  -> (artifact id: '41fe40e0d1dca0b518d3f56b05aa961a') in 0.006469 seconds
Number of updated asset objects reloaded before import = 0
Number of asset objects unloaded after import = 22
========================================================================
Received Import Request.
  Time since last request: 7.041947 seconds.
  path: Assets/3D_Assets/Buildings/building2.prefab
  artifactKey: Guid(2e9761d130ce0154bbfc2cf9b6aaa8bd) Importer(815301076,1909f56bfc062723c751e8b465ee728b)
Start importing Assets/3D_Assets/Buildings/building2.prefab using Guid(2e9761d130ce0154bbfc2cf9b6aaa8bd) Importer(815301076,1909f56bfc062723c751e8b465ee728b)  -> (artifact id: 'caacb9367ac9f9c9b4e8bc1fdebb4ec9') in 0.006070 seconds
Number of updated asset objects reloaded before import = 0
Number of asset objects unloaded after import = 22
========================================================================
Received Prepare
Begin MonoManager ReloadAssembly
- Loaded All Assemblies, in  0.299 seconds
Refreshing native plugins compatible for Editor in 1.19 ms, found 3 plugins.
Native extension for WindowsStandalone target not found
[Package Manager] Server::EnsureServerProcessIsRunning -- launch failed, reason: Unity was launched with the -noUpm command-line argument
[Package Manager] UpmClient::Send -- Unable to send message (not connected to UPM process).
[Package Manager] Cannot connect to Unity Package Manager local server
Mono: successfully reloaded assembly
- Finished resetting the current domain, in  0.535 seconds
Domain Reload Profiling: 832ms
	BeginReloadAssembly (112ms)
		ExecutionOrderSort (0ms)
		DisableScriptedObjects (3ms)
		BackupInstance (0ms)
		ReleaseScriptingObjects (0ms)
		CreateAndSetChildDomain (24ms)
	RebuildCommonClasses (25ms)
	RebuildNativeTypeToScriptingClass (8ms)
	initialDomainReloadingComplete (20ms)
	LoadAllAssembliesAndSetupDomain (132ms)
		LoadAssemblies (184ms)
		RebuildTransferFunctionScriptingTraits (0ms)
		AnalyzeDomain (8ms)
			TypeCache.Refresh (4ms)
				TypeCache.ScanAssembly (0ms)
			ScanForSourceGeneratedMonoScriptInfo (0ms)
			ResolveRequiredComponents (3ms)
	FinalizeReload (535ms)
		ReleaseScriptCaches (0ms)
		RebuildScriptCaches (0ms)
		SetupLoadedEditorAssemblies (317ms)
			LogAssemblyErrors (0ms)
			InitializePlatformSupportModulesInManaged (4ms)
			SetLoadedEditorAssemblies (2ms)
			RefreshPlugins (0ms)
			BeforeProcessingInitializeOnLoad (42ms)
			ProcessInitializeOnLoadAttributes (241ms)
			ProcessInitializeOnLoadMethodAttributes (21ms)
			AfterProcessingInitializeOnLoad (5ms)
			EditorAssembliesLoaded (0ms)
		ExecutionOrderSort2 (0ms)
		AwakeInstancesAfterBackupRestoration (5ms)
Refreshing native plugins compatible for Editor in 1.49 ms, found 3 plugins.
Preloading 0 native plugins for Editor in 0.00 ms.
Unloading 3081 Unused Serialized files (Serialized files now loaded: 0)
Unloading 23 unused Assets / (31.1 KB). Loaded Objects now: 3605.
Memory consumption went from 143.1 MB to 143.0 MB.
Total: 2.366500 ms (FindLiveObjects: 0.202400 ms CreateObjectMapping: 0.080500 ms MarkObjects: 2.046000 ms  DeleteObjects: 0.036700 ms)

Prepare: number of updated asset objects reloaded= 0
AssetImportParameters requested are different than current active one (requested -> active):
  custom:container-demuxer-ogg: 62fdf1f143b41e24485cea50d1cbac27 -> 
  custom:video-decoder-ogg-theora: a1e56fd34408186e4bbccfd4996cb3dc -> 
  custom:framework-win-MediaFoundation: 216162199b28c13a410421893ffa2e32 -> 
  custom:CustomObjectIndexerAttribute: 43b350a4d6e6d1791af0b5038c4bea17 -> 
  custom:container-demuxer-webm: 4f35f7cbe854078d1ac9338744f61a02 -> 
  custom:container-muxer-webm: aa71ff27fc2769a1b78a27578f13a17b -> 
  custom:video-decoder-webm-vp8: 9c59270c3fd7afecdb556c50c9e8de78 -> 
  custom:SearchIndexIgnoredProperties: e643bd26f0fe6173181afceb89e7c659 -> 
  custom:AudioImporter_EditorPlatform: d09bf68614088b80899f8185d706f6e7 -> 
  custom:video-encoder-webm-vp8: eb34c28f22e8b96e1ab97ce403110664 -> 
  custom:audio-decoder-ogg-vorbis: bf7c407c2cedff20999df2af8eb42d56 -> 
  custom:audio-encoder-webm-vorbis: bf7c407c2cedff20999df2af8eb42d56 -> 
========================================================================
Received Import Request.
  Time since last request: 56.786574 seconds.
  path: Assets/3D_Assets/Buildings/building3.prefab
  artifactKey: Guid(fad8fd6c3627967429b9130b2837d776) Importer(815301076,1909f56bfc062723c751e8b465ee728b)
Start importing Assets/3D_Assets/Buildings/building3.prefab using Guid(fad8fd6c3627967429b9130b2837d776) Importer(815301076,1909f56bfc062723c751e8b465ee728b)  -> (artifact id: '357796062b2530ac43e6fd12767ec4ac') in 0.068093 seconds
Number of updated asset objects reloaded before import = 0
Number of asset objects unloaded after import = 22
========================================================================
Received Import Request.
  Time since last request: 10.772351 seconds.
  path: Assets/3D_Assets/Buildings/building3.prefab
  artifactKey: Guid(fad8fd6c3627967429b9130b2837d776) Importer(815301076,1909f56bfc062723c751e8b465ee728b)
Start importing Assets/3D_Assets/Buildings/building3.prefab using Guid(fad8fd6c3627967429b9130b2837d776) Importer(815301076,1909f56bfc062723c751e8b465ee728b)  -> (artifact id: '570637f0886c67e58d30829eeec80ed1') in 0.005910 seconds
Number of updated asset objects reloaded before import = 0
Number of asset objects unloaded after import = 22
========================================================================
Received Import Request.
  Time since last request: 3.208408 seconds.
  path: Assets/3D_Assets/Buildings/building3.prefab
  artifactKey: Guid(fad8fd6c3627967429b9130b2837d776) Importer(815301076,1909f56bfc062723c751e8b465ee728b)
Start importing Assets/3D_Assets/Buildings/building3.prefab using Guid(fad8fd6c3627967429b9130b2837d776) Importer(815301076,1909f56bfc062723c751e8b465ee728b)  -> (artifact id: '2b6c4dc15cfb754a5685d53bd10e04a3') in 0.006511 seconds
Number of updated asset objects reloaded before import = 0
Number of asset objects unloaded after import = 22
========================================================================
Received Import Request.
  Time since last request: 4.435616 seconds.
  path: Assets/3D_Assets/Buildings/building3.prefab
  artifactKey: Guid(fad8fd6c3627967429b9130b2837d776) Importer(815301076,1909f56bfc062723c751e8b465ee728b)
Start importing Assets/3D_Assets/Buildings/building3.prefab using Guid(fad8fd6c3627967429b9130b2837d776) Importer(815301076,1909f56bfc062723c751e8b465ee728b)  -> (artifact id: '8ba28e5b4b451d562e22976e665d0d37') in 0.006030 seconds
Number of updated asset objects reloaded before import = 0
Number of asset objects unloaded after import = 22
========================================================================
Received Import Request.
  Time since last request: 4.625706 seconds.
  path: Assets/3D_Assets/Buildings/building3.prefab
  artifactKey: Guid(fad8fd6c3627967429b9130b2837d776) Importer(815301076,1909f56bfc062723c751e8b465ee728b)
Start importing Assets/3D_Assets/Buildings/building3.prefab using Guid(fad8fd6c3627967429b9130b2837d776) Importer(815301076,1909f56bfc062723c751e8b465ee728b)  -> (artifact id: '76977dd2bb721089d8ded887b63ea05e') in 0.005891 seconds
Number of updated asset objects reloaded before import = 0
Number of asset objects unloaded after import = 22
========================================================================
Received Import Request.
  Time since last request: 3.232893 seconds.
  path: Assets/3D_Assets/Buildings/building3.prefab
  artifactKey: Guid(fad8fd6c3627967429b9130b2837d776) Importer(815301076,1909f56bfc062723c751e8b465ee728b)
Start importing Assets/3D_Assets/Buildings/building3.prefab using Guid(fad8fd6c3627967429b9130b2837d776) Importer(815301076,1909f56bfc062723c751e8b465ee728b)  -> (artifact id: '69ff57eb471217d78e0359c659fa83d7') in 0.006141 seconds
Number of updated asset objects reloaded before import = 0
Number of asset objects unloaded after import = 22
========================================================================
Received Import Request.
  Time since last request: 3.626545 seconds.
  path: Assets/3D_Assets/Buildings/building3.prefab
  artifactKey: Guid(fad8fd6c3627967429b9130b2837d776) Importer(815301076,1909f56bfc062723c751e8b465ee728b)
Start importing Assets/3D_Assets/Buildings/building3.prefab using Guid(fad8fd6c3627967429b9130b2837d776) Importer(815301076,1909f56bfc062723c751e8b465ee728b)  -> (artifact id: 'be7e83d5d2761217aab25d22ff7b320a') in 0.006554 seconds
Number of updated asset objects reloaded before import = 0
Number of asset objects unloaded after import = 22
========================================================================
Received Import Request.
  Time since last request: 3.622073 seconds.
  path: Assets/3D_Assets/Buildings/building3.prefab
  artifactKey: Guid(fad8fd6c3627967429b9130b2837d776) Importer(815301076,1909f56bfc062723c751e8b465ee728b)
Start importing Assets/3D_Assets/Buildings/building3.prefab using Guid(fad8fd6c3627967429b9130b2837d776) Importer(815301076,1909f56bfc062723c751e8b465ee728b)  -> (artifact id: 'cf7c73486108a394a236378a9f9d6400') in 0.005861 seconds
Number of updated asset objects reloaded before import = 0
Number of asset objects unloaded after import = 22
========================================================================
Received Import Request.
  Time since last request: 3.430884 seconds.
  path: Assets/3D_Assets/Buildings/building3.prefab
  artifactKey: Guid(fad8fd6c3627967429b9130b2837d776) Importer(815301076,1909f56bfc062723c751e8b465ee728b)
Start importing Assets/3D_Assets/Buildings/building3.prefab using Guid(fad8fd6c3627967429b9130b2837d776) Importer(815301076,1909f56bfc062723c751e8b465ee728b)  -> (artifact id: 'c42ffab4b811390d0d21a9370eb56f61') in 0.006070 seconds
Number of updated asset objects reloaded before import = 0
Number of asset objects unloaded after import = 22
========================================================================
Received Import Request.
  Time since last request: 5.222192 seconds.
  path: Assets/3D_Assets/Buildings/building3.prefab
  artifactKey: Guid(fad8fd6c3627967429b9130b2837d776) Importer(815301076,1909f56bfc062723c751e8b465ee728b)
Start importing Assets/3D_Assets/Buildings/building3.prefab using Guid(fad8fd6c3627967429b9130b2837d776) Importer(815301076,1909f56bfc062723c751e8b465ee728b)  -> (artifact id: '74c25f4cac1f1f260513cdd9b2e0e870') in 0.005466 seconds
Number of updated asset objects reloaded before import = 0
Number of asset objects unloaded after import = 22
========================================================================
Received Import Request.
  Time since last request: 8.657845 seconds.
  path: Assets/3D_Assets/Buildings/building3.prefab
  artifactKey: Guid(fad8fd6c3627967429b9130b2837d776) Importer(815301076,1909f56bfc062723c751e8b465ee728b)
Start importing Assets/3D_Assets/Buildings/building3.prefab using Guid(fad8fd6c3627967429b9130b2837d776) Importer(815301076,1909f56bfc062723c751e8b465ee728b)  -> (artifact id: '5f2779bc083be484cfef608c1f0c62f6') in 0.006319 seconds
Number of updated asset objects reloaded before import = 0
Number of asset objects unloaded after import = 22
========================================================================
Received Import Request.
  Time since last request: 48.695355 seconds.
  path: Assets/Characters
  artifactKey: Guid(c7c59181ef0e8e64bb52183d5b033da8) Importer(815301076,1909f56bfc062723c751e8b465ee728b)
Start importing Assets/Characters using Guid(c7c59181ef0e8e64bb52183d5b033da8) Importer(815301076,1909f56bfc062723c751e8b465ee728b)  -> (artifact id: '691573772873fff5b381d44b661d5717') in 0.000357 seconds
Number of updated asset objects reloaded before import = 0
Number of asset objects unloaded after import = 0
========================================================================
Received Import Request.
  Time since last request: 3.381791 seconds.
  path: Assets/talkingSprits
  artifactKey: Guid(92a523c087787b24092682c841212db6) Importer(815301076,1909f56bfc062723c751e8b465ee728b)
Start importing Assets/talkingSprits using Guid(92a523c087787b24092682c841212db6) Importer(815301076,1909f56bfc062723c751e8b465ee728b)  -> (artifact id: '91c3de05508d9acda60da81fd69817d9') in 0.000314 seconds
Number of updated asset objects reloaded before import = 0
Number of asset objects unloaded after import = 0
========================================================================
Received Import Request.
  Time since last request: 20.511684 seconds.
  path: Assets/talkingSprits/Doctor3_Cropped.png
  artifactKey: Guid(5ea4fd03e9733e94bafc8847a8049118) Importer(815301076,1909f56bfc062723c751e8b465ee728b)
Start importing Assets/talkingSprits/Doctor3_Cropped.png using Guid(5ea4fd03e9733e94bafc8847a8049118) Importer(815301076,1909f56bfc062723c751e8b465ee728b)  -> (artifact id: '02a7b040ea13b5ce389ecea41a12496a') in 0.016688 seconds
Number of updated asset objects reloaded before import = 0
Number of asset objects unloaded after import = 2
========================================================================
Received Import Request.
  Time since last request: 21.301275 seconds.
  path: Assets/talkingSprits/mainCharacterTalk.png
  artifactKey: Guid(30d997d0f593a1c4498f5a5ad0658175) Importer(815301076,1909f56bfc062723c751e8b465ee728b)
Start importing Assets/talkingSprits/mainCharacterTalk.png using Guid(30d997d0f593a1c4498f5a5ad0658175) Importer(815301076,1909f56bfc062723c751e8b465ee728b)  -> (artifact id: '740590cb97cdae30feb3f9230bd86bb1') in 0.020958 seconds
Number of updated asset objects reloaded before import = 0
Number of asset objects unloaded after import = 3
========================================================================
Received Import Request.
  Time since last request: 7.530735 seconds.
  path: Assets/talkingSprits/Doctor3_Cropped.png
  artifactKey: Guid(5ea4fd03e9733e94bafc8847a8049118) Importer(815301076,1909f56bfc062723c751e8b465ee728b)
Start importing Assets/talkingSprits/Doctor3_Cropped.png using Guid(5ea4fd03e9733e94bafc8847a8049118) Importer(815301076,1909f56bfc062723c751e8b465ee728b)  -> (artifact id: '2f188d8810ebe00914be174143956e18') in 0.013297 seconds
Number of updated asset objects reloaded before import = 0
Number of asset objects unloaded after import = 3
========================================================================
Received Prepare
Begin MonoManager ReloadAssembly
- Loaded All Assemblies, in  0.306 seconds
Refreshing native plugins compatible for Editor in 1.14 ms, found 3 plugins.
Native extension for WindowsStandalone target not found
[Package Manager] Server::EnsureServerProcessIsRunning -- launch failed, reason: Unity was launched with the -noUpm command-line argument
[Package Manager] UpmClient::Send -- Unable to send message (not connected to UPM process).
[Package Manager] Cannot connect to Unity Package Manager local server
Mono: successfully reloaded assembly
- Finished resetting the current domain, in  0.543 seconds
Domain Reload Profiling: 848ms
	BeginReloadAssembly (110ms)
		ExecutionOrderSort (0ms)
		DisableScriptedObjects (3ms)
		BackupInstance (0ms)
		ReleaseScriptingObjects (0ms)
		CreateAndSetChildDomain (24ms)
	RebuildCommonClasses (30ms)
	RebuildNativeTypeToScriptingClass (10ms)
	initialDomainReloadingComplete (20ms)
	LoadAllAssembliesAndSetupDomain (134ms)
		LoadAssemblies (185ms)
		RebuildTransferFunctionScriptingTraits (0ms)
		AnalyzeDomain (9ms)
			TypeCache.Refresh (5ms)
				TypeCache.ScanAssembly (0ms)
			ScanForSourceGeneratedMonoScriptInfo (0ms)
			ResolveRequiredComponents (3ms)
	FinalizeReload (544ms)
		ReleaseScriptCaches (0ms)
		RebuildScriptCaches (0ms)
		SetupLoadedEditorAssemblies (313ms)
			LogAssemblyErrors (0ms)
			InitializePlatformSupportModulesInManaged (4ms)
			SetLoadedEditorAssemblies (3ms)
			RefreshPlugins (0ms)
			BeforeProcessingInitializeOnLoad (44ms)
			ProcessInitializeOnLoadAttributes (239ms)
			ProcessInitializeOnLoadMethodAttributes (18ms)
			AfterProcessingInitializeOnLoad (5ms)
			EditorAssembliesLoaded (0ms)
		ExecutionOrderSort2 (0ms)
		AwakeInstancesAfterBackupRestoration (5ms)
Refreshing native plugins compatible for Editor in 1.51 ms, found 3 plugins.
Preloading 0 native plugins for Editor in 0.00 ms.
Unloading 3081 Unused Serialized files (Serialized files now loaded: 0)
Unloading 23 unused Assets / (31.1 KB). Loaded Objects now: 3613.
Memory consumption went from 145.0 MB to 145.0 MB.
Total: 2.051200 ms (FindLiveObjects: 0.171500 ms CreateObjectMapping: 0.068800 ms MarkObjects: 1.776200 ms  DeleteObjects: 0.034000 ms)

Prepare: number of updated asset objects reloaded= 0
AssetImportParameters requested are different than current active one (requested -> active):
  custom:container-demuxer-ogg: 62fdf1f143b41e24485cea50d1cbac27 -> 
  custom:video-decoder-ogg-theora: a1e56fd34408186e4bbccfd4996cb3dc -> 
  custom:framework-win-MediaFoundation: 216162199b28c13a410421893ffa2e32 -> 
  custom:CustomObjectIndexerAttribute: 43b350a4d6e6d1791af0b5038c4bea17 -> 
  custom:container-demuxer-webm: 4f35f7cbe854078d1ac9338744f61a02 -> 
  custom:container-muxer-webm: aa71ff27fc2769a1b78a27578f13a17b -> 
  custom:video-decoder-webm-vp8: 9c59270c3fd7afecdb556c50c9e8de78 -> 
  custom:SearchIndexIgnoredProperties: e643bd26f0fe6173181afceb89e7c659 -> 
  custom:AudioImporter_EditorPlatform: d09bf68614088b80899f8185d706f6e7 -> 
  custom:video-encoder-webm-vp8: eb34c28f22e8b96e1ab97ce403110664 -> 
  custom:audio-decoder-ogg-vorbis: bf7c407c2cedff20999df2af8eb42d56 -> 
  custom:audio-encoder-webm-vorbis: bf7c407c2cedff20999df2af8eb42d56 -> 
